<?xml version="1.0" encoding="UTF-8"?>
<!-- Generated by org.testng.reporters.JUnitReportReporter -->
<testsuite hostname="6007b5fb922a52c" failures="0" tests="1" name="ustbatchno3.TestNG.CustomerTest" time="0.026" errors="0" timestamp="2023-03-13T17:57:52 IST" skipped="0">
  <testcase classname="ustbatchno3.TestNG.CustomerTest" name="Test1" time="0.026"/>
  <system-out/>
</testsuite> <!-- ustbatchno3.TestNG.CustomerTest -->
