<?xml version="1.0" encoding="UTF-8"?>
<!-- Generated by org.testng.reporters.JUnitReportReporter -->
<testsuite hostname="6007b5fb922a52c" failures="0" tests="2" name="ustbatchno3.TestNG.EmployeeTest" time="0.025" errors="0" timestamp="2023-03-13T15:00:57 IST" skipped="0">
  <testcase classname="ustbatchno3.TestNG.EmployeeTest" name="Test2" time="0.005"/>
  <system-out/>
  <testcase classname="ustbatchno3.TestNG.EmployeeTest" name="Test1" time="0.020"/>
  <system-out/>
</testsuite> <!-- ustbatchno3.TestNG.EmployeeTest -->
